This is pdfTeX, Version 3.14159265-2.6-1.40.17 (TeX Live 2016) (preloaded format=pdflatex 2017.1.6)  21 MAR 2018 11:42
entering extended mode
 restricted \write18 enabled.
 file:line:error style messages enabled.
 %&-line parsing enabled.
**LancsThesis.cls
(./LancsThesis.cls
LaTeX2e <2016/03/31>
Babel <3.9r> and hyphenation patterns for 83 language(s) loaded.

LaTeX Warning: You have requested package `',
               but the package provides `UniThesis'.

Package: UniThesis 2014/09/14 Version 1.0 by Erick Chacon Montalvan, School of 
Statistics
(/usr/local/texlive/2016/texmf-dist/tex/latex/base/book.cls
Document Class: book 2014/09/29 v1.4h Standard LaTeX document class
(/usr/local/texlive/2016/texmf-dist/tex/latex/base/bk10.clo
File: bk10.clo 2014/09/29 v1.4h Standard LaTeX file (size option)
)
\c@part=\count79
\c@chapter=\count80
\c@section=\count81
\c@subsection=\count82
\c@subsubsection=\count83
\c@paragraph=\count84
\c@subparagraph=\count85
\c@figure=\count86
\c@table=\count87
\abovecaptionskip=\skip41
\belowcaptionskip=\skip42
\bibindent=\dimen102
)

./LancsThesis.cls:32: LaTeX Error: \usepackage before \documentclass.

See the LaTeX manual or LaTeX Companion for explanation.
Type  H <return>  for immediate help.
 ...                                              
                                                  
l.32 ...,pdfpagelabels,hidelinks,breaklinks=true]{
                                                  hyperref} % Get nice PDF d...

? 
./LancsThesis.cls:32: Emergency stop.
 ...                                              
                                                  
l.32 ...,pdfpagelabels,hidelinks,breaklinks=true]{
                                                  hyperref} % Get nice PDF d...

\usepackage may only appear in the document preamble, i.e.,
between \documentclass and \begin{document}.

 
Here is how much of TeX's memory you used:
 222 strings out of 493014
 2517 string characters out of 6133352
 53601 words of memory out of 5000000
 3856 multiletter control sequences out of 15000+600000
 3640 words of font info for 14 fonts, out of 8000000 for 9000
 1141 hyphenation exceptions out of 8191
 23i,0n,19p,130b,36s stack positions out of 5000i,500n,10000p,200000b,80000s
./LancsThesis.cls:32:  ==> Fatal error occurred, no output PDF file produced!
